time=2026-05-05T09:57:20.468Z level=INFO msg=provided constructor=go.uber.org/fx.New.func1() stacktrace.0="go.uber.org/fx.New (/home/vk1033/go/pkg/mod/go.uber.org/fx@v1.24.0/app.go:481)" stacktrace.1="main.init.func1 (/home/vk1033/goverify-engine/cmd/kyc-worker/main.go:42)" stacktrace.2="github.com/spf13/cobra.(*Command).execute (/home/vk1033/go/pkg/mod/github.com/spf13/cobra@v1.10.2/command.go:1019)" stacktrace.3="github.com/spf13/cobra.(*Command).ExecuteC (/home/vk1033/go/pkg/mod/github.com/spf13/cobra@v1.10.2/command.go:1148)" stacktrace.4="github.com/spf13/cobra.(*Command).Execute (/home/vk1033/go/pkg/mod/github.com/spf13/cobra@v1.10.2/command.go:1071)" stacktrace.5="main.main (/home/vk1033/goverify-engine/cmd/kyc-worker/main.go:63)" stacktrace.6="runtime.main (/usr/local/go/src/runtime/proc.go:290)" moduletrace.0="go.uber.org/fx.New (/home/vk1033/go/pkg/mod/go.uber.org/fx@v1.24.0/app.go:481)" moduletrace.1="main.init.func1 (/home/vk1033/goverify-engine/cmd/kyc-worker/main.go:42)" type=fx.Lifecycle
time=2026-05-05T09:57:20.468Z level=INFO msg=provided constructor=go.uber.org/fx.(*App).shutdowner-fm() stacktrace.0="go.uber.org/fx.New (/home/vk1033/go/pkg/mod/go.uber.org/fx@v1.24.0/app.go:481)" stacktrace.1="main.init.func1 (/home/vk1033/goverify-engine/cmd/kyc-worker/main.go:42)" stacktrace.2="github.com/spf13/cobra.(*Command).execute (/home/vk1033/go/pkg/mod/github.com/spf13/cobra@v1.10.2/command.go:1019)" stacktrace.3="github.com/spf13/cobra.(*Command).ExecuteC (/home/vk1033/go/pkg/mod/github.com/spf13/cobra@v1.10.2/command.go:1148)" stacktrace.4="github.com/spf13/cobra.(*Command).Execute (/home/vk1033/go/pkg/mod/github.com/spf13/cobra@v1.10.2/command.go:1071)" stacktrace.5="main.main (/home/vk1033/goverify-engine/cmd/kyc-worker/main.go:63)" stacktrace.6="runtime.main (/usr/local/go/src/runtime/proc.go:290)" moduletrace.0="go.uber.org/fx.New (/home/vk1033/go/pkg/mod/go.uber.org/fx@v1.24.0/app.go:481)" moduletrace.1="main.init.func1 (/home/vk1033/goverify-engine/cmd/kyc-worker/main.go:42)" type=fx.Shutdowner
time=2026-05-05T09:57:20.468Z level=INFO msg=provided constructor=go.uber.org/fx.(*App).dotGraph-fm() stacktrace.0="go.uber.org/fx.New (/home/vk1033/go/pkg/mod/go.uber.org/fx@v1.24.0/app.go:481)" stacktrace.1="main.init.func1 (/home/vk1033/goverify-engine/cmd/kyc-worker/main.go:42)" stacktrace.2="github.com/spf13/cobra.(*Command).execute (/home/vk1033/go/pkg/mod/github.com/spf13/cobra@v1.10.2/command.go:1019)" stacktrace.3="github.com/spf13/cobra.(*Command).ExecuteC (/home/vk1033/go/pkg/mod/github.com/spf13/cobra@v1.10.2/command.go:1148)" stacktrace.4="github.com/spf13/cobra.(*Command).Execute (/home/vk1033/go/pkg/mod/github.com/spf13/cobra@v1.10.2/command.go:1071)" stacktrace.5="main.main (/home/vk1033/goverify-engine/cmd/kyc-worker/main.go:63)" stacktrace.6="runtime.main (/usr/local/go/src/runtime/proc.go:290)" moduletrace.0="go.uber.org/fx.New (/home/vk1033/go/pkg/mod/go.uber.org/fx@v1.24.0/app.go:481)" moduletrace.1="main.init.func1 (/home/vk1033/goverify-engine/cmd/kyc-worker/main.go:42)" type=fx.DotGraph
time=2026-05-05T09:57:20.468Z level=INFO msg=provided constructor=github.com/vk1033/goverify-engine/internal/config.LoadConfig() stacktrace.0="main.init.func1 (/home/vk1033/goverify-engine/cmd/kyc-worker/main.go:43)" stacktrace.1="github.com/spf13/cobra.(*Command).execute (/home/vk1033/go/pkg/mod/github.com/spf13/cobra@v1.10.2/command.go:1019)" stacktrace.2="github.com/spf13/cobra.(*Command).ExecuteC (/home/vk1033/go/pkg/mod/github.com/spf13/cobra@v1.10.2/command.go:1148)" stacktrace.3="github.com/spf13/cobra.(*Command).Execute (/home/vk1033/go/pkg/mod/github.com/spf13/cobra@v1.10.2/command.go:1071)" stacktrace.4="main.main (/home/vk1033/goverify-engine/cmd/kyc-worker/main.go:63)" stacktrace.5="runtime.main (/usr/local/go/src/runtime/proc.go:290)" moduletrace.0="main.init.func1 (/home/vk1033/goverify-engine/cmd/kyc-worker/main.go:43)" moduletrace.1="main.init.func1 (/home/vk1033/goverify-engine/cmd/kyc-worker/main.go:42)" type=*config.Config
time=2026-05-05T09:57:20.468Z level=INFO msg=provided constructor=github.com/vk1033/goverify-engine/pkg/logger.NewLogger() stacktrace.0="main.init.func1 (/home/vk1033/goverify-engine/cmd/kyc-worker/main.go:43)" stacktrace.1="github.com/spf13/cobra.(*Command).execute (/home/vk1033/go/pkg/mod/github.com/spf13/cobra@v1.10.2/command.go:1019)" stacktrace.2="github.com/spf13/cobra.(*Command).ExecuteC (/home/vk1033/go/pkg/mod/github.com/spf13/cobra@v1.10.2/command.go:1148)" stacktrace.3="github.com/spf13/cobra.(*Command).Execute (/home/vk1033/go/pkg/mod/github.com/spf13/cobra@v1.10.2/command.go:1071)" stacktrace.4="main.main (/home/vk1033/goverify-engine/cmd/kyc-worker/main.go:63)" stacktrace.5="runtime.main (/usr/local/go/src/runtime/proc.go:290)" moduletrace.0="main.init.func1 (/home/vk1033/goverify-engine/cmd/kyc-worker/main.go:43)" moduletrace.1="main.init.func1 (/home/vk1033/goverify-engine/cmd/kyc-worker/main.go:42)" type=*slog.Logger
time=2026-05-05T09:57:20.468Z level=INFO msg=provided constructor=github.com/vk1033/goverify-engine/internal/api.NewRedisClient() stacktrace.0="main.init.func1 (/home/vk1033/goverify-engine/cmd/kyc-worker/main.go:43)" stacktrace.1="github.com/spf13/cobra.(*Command).execute (/home/vk1033/go/pkg/mod/github.com/spf13/cobra@v1.10.2/command.go:1019)" stacktrace.2="github.com/spf13/cobra.(*Command).ExecuteC (/home/vk1033/go/pkg/mod/github.com/spf13/cobra@v1.10.2/command.go:1148)" stacktrace.3="github.com/spf13/cobra.(*Command).Execute (/home/vk1033/go/pkg/mod/github.com/spf13/cobra@v1.10.2/command.go:1071)" stacktrace.4="main.main (/home/vk1033/goverify-engine/cmd/kyc-worker/main.go:63)" stacktrace.5="runtime.main (/usr/local/go/src/runtime/proc.go:290)" moduletrace.0="main.init.func1 (/home/vk1033/goverify-engine/cmd/kyc-worker/main.go:43)" moduletrace.1="main.init.func1 (/home/vk1033/goverify-engine/cmd/kyc-worker/main.go:42)" type=*redis.Client
time=2026-05-05T09:57:20.468Z level=INFO msg=provided constructor=github.com/vk1033/goverify-engine/internal/embedding.NewMockService() stacktrace.0="main.init.func1 (/home/vk1033/goverify-engine/cmd/kyc-worker/main.go:43)" stacktrace.1="github.com/spf13/cobra.(*Command).execute (/home/vk1033/go/pkg/mod/github.com/spf13/cobra@v1.10.2/command.go:1019)" stacktrace.2="github.com/spf13/cobra.(*Command).ExecuteC (/home/vk1033/go/pkg/mod/github.com/spf13/cobra@v1.10.2/command.go:1148)" stacktrace.3="github.com/spf13/cobra.(*Command).Execute (/home/vk1033/go/pkg/mod/github.com/spf13/cobra@v1.10.2/command.go:1071)" stacktrace.4="main.main (/home/vk1033/goverify-engine/cmd/kyc-worker/main.go:63)" stacktrace.5="runtime.main (/usr/local/go/src/runtime/proc.go:290)" moduletrace.0="main.init.func1 (/home/vk1033/goverify-engine/cmd/kyc-worker/main.go:43)" moduletrace.1="main.init.func1 (/home/vk1033/goverify-engine/cmd/kyc-worker/main.go:42)" type=embedding.Service
time=2026-05-05T09:57:20.468Z level=INFO msg=provided constructor=github.com/vk1033/goverify-engine/internal/vectordb.NewMilvusClient() stacktrace.0="main.init.func1 (/home/vk1033/goverify-engine/cmd/kyc-worker/main.go:43)" stacktrace.1="github.com/spf13/cobra.(*Command).execute (/home/vk1033/go/pkg/mod/github.com/spf13/cobra@v1.10.2/command.go:1019)" stacktrace.2="github.com/spf13/cobra.(*Command).ExecuteC (/home/vk1033/go/pkg/mod/github.com/spf13/cobra@v1.10.2/command.go:1148)" stacktrace.3="github.com/spf13/cobra.(*Command).Execute (/home/vk1033/go/pkg/mod/github.com/spf13/cobra@v1.10.2/command.go:1071)" stacktrace.4="main.main (/home/vk1033/goverify-engine/cmd/kyc-worker/main.go:63)" stacktrace.5="runtime.main (/usr/local/go/src/runtime/proc.go:290)" moduletrace.0="main.init.func1 (/home/vk1033/goverify-engine/cmd/kyc-worker/main.go:43)" moduletrace.1="main.init.func1 (/home/vk1033/goverify-engine/cmd/kyc-worker/main.go:42)" type=vectordb.Client
time=2026-05-05T09:57:20.468Z level=INFO msg=provided constructor=github.com/vk1033/goverify-engine/internal/kafka.NewConsumers() stacktrace.0="main.init.func1 (/home/vk1033/goverify-engine/cmd/kyc-worker/main.go:43)" stacktrace.1="github.com/spf13/cobra.(*Command).execute (/home/vk1033/go/pkg/mod/github.com/spf13/cobra@v1.10.2/command.go:1019)" stacktrace.2="github.com/spf13/cobra.(*Command).ExecuteC (/home/vk1033/go/pkg/mod/github.com/spf13/cobra@v1.10.2/command.go:1148)" stacktrace.3="github.com/spf13/cobra.(*Command).Execute (/home/vk1033/go/pkg/mod/github.com/spf13/cobra@v1.10.2/command.go:1071)" stacktrace.4="main.main (/home/vk1033/goverify-engine/cmd/kyc-worker/main.go:63)" stacktrace.5="runtime.main (/usr/local/go/src/runtime/proc.go:290)" moduletrace.0="main.init.func1 (/home/vk1033/goverify-engine/cmd/kyc-worker/main.go:43)" moduletrace.1="main.init.func1 (/home/vk1033/goverify-engine/cmd/kyc-worker/main.go:42)" type=*kafka.Consumers
time=2026-05-05T09:57:20.468Z level=INFO msg=provided constructor=github.com/vk1033/goverify-engine/internal/service.NewKYCService() stacktrace.0="main.init.func1 (/home/vk1033/goverify-engine/cmd/kyc-worker/main.go:43)" stacktrace.1="github.com/spf13/cobra.(*Command).execute (/home/vk1033/go/pkg/mod/github.com/spf13/cobra@v1.10.2/command.go:1019)" stacktrace.2="github.com/spf13/cobra.(*Command).ExecuteC (/home/vk1033/go/pkg/mod/github.com/spf13/cobra@v1.10.2/command.go:1148)" stacktrace.3="github.com/spf13/cobra.(*Command).Execute (/home/vk1033/go/pkg/mod/github.com/spf13/cobra@v1.10.2/command.go:1071)" stacktrace.4="main.main (/home/vk1033/goverify-engine/cmd/kyc-worker/main.go:63)" stacktrace.5="runtime.main (/usr/local/go/src/runtime/proc.go:290)" moduletrace.0="main.init.func1 (/home/vk1033/goverify-engine/cmd/kyc-worker/main.go:43)" moduletrace.1="main.init.func1 (/home/vk1033/goverify-engine/cmd/kyc-worker/main.go:42)" type=service.KYCService
time=2026-05-05T09:57:20.468Z level=INFO msg=provided constructor=github.com/vk1033/goverify-engine/internal/worker.NewWorker() stacktrace.0="main.init.func1 (/home/vk1033/goverify-engine/cmd/kyc-worker/main.go:43)" stacktrace.1="github.com/spf13/cobra.(*Command).execute (/home/vk1033/go/pkg/mod/github.com/spf13/cobra@v1.10.2/command.go:1019)" stacktrace.2="github.com/spf13/cobra.(*Command).ExecuteC (/home/vk1033/go/pkg/mod/github.com/spf13/cobra@v1.10.2/command.go:1148)" stacktrace.3="github.com/spf13/cobra.(*Command).Execute (/home/vk1033/go/pkg/mod/github.com/spf13/cobra@v1.10.2/command.go:1071)" stacktrace.4="main.main (/home/vk1033/goverify-engine/cmd/kyc-worker/main.go:63)" stacktrace.5="runtime.main (/usr/local/go/src/runtime/proc.go:290)" moduletrace.0="main.init.func1 (/home/vk1033/goverify-engine/cmd/kyc-worker/main.go:43)" moduletrace.1="main.init.func1 (/home/vk1033/goverify-engine/cmd/kyc-worker/main.go:42)" type=*worker.Worker
time=2026-05-05T09:57:20.468Z level=INFO msg="before run" name=github.com/vk1033/goverify-engine/internal/config.LoadConfig() kind=provide
time=2026-05-05T09:57:20.468Z level=INFO msg=run name=github.com/vk1033/goverify-engine/internal/config.LoadConfig() kind=provide runtime=32.991µs
time=2026-05-05T09:57:20.468Z level=INFO msg="before run" name=github.com/vk1033/goverify-engine/pkg/logger.NewLogger() kind=provide
time=2026-05-05T09:57:20.468Z level=INFO msg=run name=github.com/vk1033/goverify-engine/pkg/logger.NewLogger() kind=provide runtime=7.375µs
time=2026-05-05T09:57:20.468Z level=INFO msg="initialized custom fxevent.Logger" function=main.init.func1.1()
time=2026-05-05T09:57:20.468Z level=INFO msg=invoking function=main.RunWorker()
time=2026-05-05T09:57:20.468Z level=INFO msg="before run" name=go.uber.org/fx.New.func1() kind=provide
time=2026-05-05T09:57:20.468Z level=INFO msg=run name=go.uber.org/fx.New.func1() kind=provide runtime=10.556µs
time=2026-05-05T09:57:20.468Z level=INFO msg="before run" name=github.com/vk1033/goverify-engine/internal/kafka.NewConsumers() kind=provide
time=2026-05-05T09:57:20.468Z level=INFO msg=run name=github.com/vk1033/goverify-engine/internal/kafka.NewConsumers() kind=provide runtime=92.341µs
time=2026-05-05T09:57:20.469Z level=INFO msg="before run" name=github.com/vk1033/goverify-engine/internal/embedding.NewMockService() kind=provide
time=2026-05-05T09:57:20.469Z level=INFO msg=run name=github.com/vk1033/goverify-engine/internal/embedding.NewMockService() kind=provide runtime=7.164µs
time=2026-05-05T09:57:20.469Z level=INFO msg="before run" name=github.com/vk1033/goverify-engine/internal/vectordb.NewMilvusClient() kind=provide
time=2026-05-05T09:57:20.524Z level=ERROR msg="Failed to initialize milvus collection" error="invalid index params: map[M:16 dim:512 efConstruction:200 index_type:HNSW metric_type:COSINE]\n(1) attached stack trace\n  -- stack trace:\n  | github.com/milvus-io/milvus-sdk-go/v2/client.handleRespStatus\n  | \t/home/vk1033/go/pkg/mod/github.com/milvus-io/milvus-sdk-go/v2@v2.4.2/client/collection.go:39\n  | github.com/milvus-io/milvus-sdk-go/v2/client.(*GrpcClient).CreateIndex\n  | \t/home/vk1033/go/pkg/mod/github.com/milvus-io/milvus-sdk-go/v2@v2.4.2/client/index.go:134\n  | github.com/vk1033/goverify-engine/internal/vectordb.(*MilvusClient).initCollection\n  | \t/home/vk1033/goverify-engine/internal/vectordb/milvus.go:86\n  | github.com/vk1033/goverify-engine/internal/vectordb.NewMilvusClient\n  | \t/home/vk1033/goverify-engine/internal/vectordb/milvus.go:48\n  | reflect.Value.call\n  | \t/usr/local/go/src/reflect/value.go:586\n  | reflect.Value.Call\n  | \t/usr/local/go/src/reflect/value.go:369\n  | go.uber.org/dig.defaultInvoker\n  | \t/home/vk1033/go/pkg/mod/go.uber.org/dig@v1.19.0/container.go:257\n  | go.uber.org/dig.(*constructorNode).Call\n  | \t/home/vk1033/go/pkg/mod/go.uber.org/dig@v1.19.0/constructor.go:198\n  | go.uber.org/dig.paramSingle.Build\n  | \t/home/vk1033/go/pkg/mod/go.uber.org/dig@v1.19.0/param.go:288\n  | go.uber.org/dig.paramList.BuildList\n  | \t/home/vk1033/go/pkg/mod/go.uber.org/dig@v1.19.0/param.go:151\n  | go.uber.org/dig.(*constructorNode).Call\n  | \t/home/vk1033/go/pkg/mod/go.uber.org/dig@v1.19.0/constructor.go:160\n  | go.uber.org/dig.paramSingle.Build\n  | \t/home/vk1033/go/pkg/mod/go.uber.org/dig@v1.19.0/param.go:288\n  | go.uber.org/dig.paramList.BuildList\n  | \t/home/vk1033/go/pkg/mod/go.uber.org/dig@v1.19.0/param.go:151\n  | go.uber.org/dig.(*constructorNode).Call\n  | \t/home/vk1033/go/pkg/mod/go.uber.org/dig@v1.19.0/constructor.go:160\n  | go.uber.org/dig.paramSingle.Build\n  | \t/home/vk1033/go/pkg/mod/go.uber.org/dig@v1.19.0/param.go:288\n  | go.uber.org/dig.paramList.BuildList\n  | \t/home/vk1033/go/pkg/mod/go.uber.org/dig@v1.19.0/param.go:151\n  | go.uber.org/dig.(*Scope).Invoke\n  | \t/home/vk1033/go/pkg/mod/go.uber.org/dig@v1.19.0/invoke.go:123\n  | go.uber.org/dig.(*Container).Invoke\n  | \t/home/vk1033/go/pkg/mod/go.uber.org/dig@v1.19.0/invoke.go:83\n  | go.uber.org/fx.runInvoke\n  | \t/home/vk1033/go/pkg/mod/go.uber.org/fx@v1.24.0/invoke.go:109\n  | go.uber.org/fx.(*module).invoke\n  | \t/home/vk1033/go/pkg/mod/go.uber.org/fx@v1.24.0/module.go:335\n  | go.uber.org/fx.(*module).invokeAll\n  | \t/home/vk1033/go/pkg/mod/go.uber.org/fx@v1.24.0/module.go:321\n  | go.uber.org/fx.New\n  | \t/home/vk1033/go/pkg/mod/go.uber.org/fx@v1.24.0/app.go:507\n  | main.init.func1\n  | \t/home/vk1033/goverify-engine/cmd/kyc-worker/main.go:42\n  | github.com/spf13/cobra.(*Command).execute\n  | \t/home/vk1033/go/pkg/mod/github.com/spf13/cobra@v1.10.2/command.go:1019\n  | github.com/spf13/cobra.(*Command).ExecuteC\n  | \t/home/vk1033/go/pkg/mod/github.com/spf13/cobra@v1.10.2/command.go:1148\n  | github.com/spf13/cobra.(*Command).Execute\n  | \t/home/vk1033/go/pkg/mod/github.com/spf13/cobra@v1.10.2/command.go:1071\n  | main.main\n  | \t/home/vk1033/goverify-engine/cmd/kyc-worker/main.go:63\n  | runtime.main\n  | \t/usr/local/go/src/runtime/proc.go:290\n  | runtime.goexit\n  | \t/usr/local/go/src/runtime/asm_amd64.s:1771\nWraps: (2) invalid index params: map[M:16 dim:512 efConstruction:200 index_type:HNSW metric_type:COSINE]\nError types: (1) *withstack.withStack (2) *errutil.leafError"
time=2026-05-05T09:57:20.524Z level=INFO msg=run name=github.com/vk1033/goverify-engine/internal/vectordb.NewMilvusClient() kind=provide runtime=55.815008ms
time=2026-05-05T09:57:20.524Z level=INFO msg="before run" name=github.com/vk1033/goverify-engine/internal/service.NewKYCService() kind=provide
time=2026-05-05T09:57:20.524Z level=INFO msg=run name=github.com/vk1033/goverify-engine/internal/service.NewKYCService() kind=provide runtime=22.014µs
time=2026-05-05T09:57:20.524Z level=INFO msg="before run" name=github.com/vk1033/goverify-engine/internal/api.NewRedisClient() kind=provide
time=2026-05-05T09:57:20.526Z level=INFO msg=run name=github.com/vk1033/goverify-engine/internal/api.NewRedisClient() kind=provide runtime=1.531525ms
time=2026-05-05T09:57:20.526Z level=INFO msg="before run" name=github.com/vk1033/goverify-engine/internal/worker.NewWorker() kind=provide
time=2026-05-05T09:57:20.526Z level=INFO msg=run name=github.com/vk1033/goverify-engine/internal/worker.NewWorker() kind=provide runtime=15.974µs
time=2026-05-05T09:57:20.526Z level=INFO msg="OnStart hook executing" callee=main.RunWorker.func1() caller=main.RunWorker
time=2026-05-05T09:57:20.526Z level=INFO msg="Starting KYC Worker..."
time=2026-05-05T09:57:20.526Z level=INFO msg="OnStart hook executed" callee=main.RunWorker.func1() caller=main.RunWorker runtime=35.75µs
time=2026-05-05T09:57:20.526Z level=INFO msg=started
time=2026-05-05T11:07:11.696Z level=ERROR msg="VerifyReader failed" error="fetching message: failed to dial: failed to open connection to localhost:9092: dial tcp 127.0.0.1:9092: connect: connection refused"
time=2026-05-05T11:07:11.696Z level=ERROR msg="EnrollReader failed" error="fetching message: failed to dial: failed to open connection to localhost:9092: dial tcp 127.0.0.1:9092: connect: connection refused"
time=2026-05-05T11:07:26.884Z level=ERROR msg="EnrollReader failed" error="fetching message: [15] Group Coordinator Not Available: the broker returns this error code for group coordinator requests, offset commits, and most group management requests if the offsets topic has not yet been created, or if the group coordinator is not active"
time=2026-05-05T11:07:26.885Z level=ERROR msg="VerifyReader failed" error="fetching message: [15] Group Coordinator Not Available: the broker returns this error code for group coordinator requests, offset commits, and most group management requests if the offsets topic has not yet been created, or if the group coordinator is not active"
 name_embedding does not exist in collection kyc_identities" txnID=txn_114fbbcd-f69e-40bc-b47e-4386ac0bbbf4
time=2026-05-05T10:00:27.087Z level=INFO msg="processing enrollment" txnID=txn_fd39436d-f82d-41fa-9db3-658465bb48ed
time=2026-05-05T10:00:27.281Z level=ERROR msg="failed to process enrollment" error="milvus insert failed: field name_embedding does not exist in collection kyc_identities" txnID=txn_fd39436d-f82d-41fa-9db3-658465bb48ed
time=2026-05-05T10:02:05.934Z level=INFO msg="processing enrollment" txnID=txn_32dd03f2-929f-4713-b199-507e194bd575
time=2026-05-05T10:02:06.148Z level=ERROR msg="failed to process enrollment" error="milvus insert failed: field name_embedding does not exist in collection kyc_identities" txnID=txn_32dd03f2-929f-4713-b199-507e194bd575
time=2026-05-05T10:14:14.855Z level=INFO msg="processing enrollment" txnID=txn_713aed53-3294-4ea7-bb5d-a2b61448f0ae
time=2026-05-05T10:14:15.074Z level=ERROR msg="failed to process enrollment" error="milvus insert failed: field name_embedding does not exist in collection kyc_identities" txnID=txn_713aed53-3294-4ea7-bb5d-a2b61448f0ae
time=2026-05-05T10:16:44.682Z level=INFO msg="processing enrollment" txnID=txn_4e351b2e-8288-40f6-848a-fb6ea6fc1016
time=2026-05-05T10:16:44.874Z level=ERROR msg="failed to process enrollment" error="milvus insert failed: field name_embedding does not exist in collection kyc_identities" txnID=txn_4e351b2e-8288-40f6-848a-fb6ea6fc1016
time=2026-05-05T10:18:41.773Z level=INFO msg="processing enrollment" txnID=txn_e336e638-c3a4-4ac9-a6b1-6e61bc00b285
time=2026-05-05T10:18:42.009Z level=ERROR msg="failed to process enrollment" error="milvus insert failed: field name_embedding does not exist in collection kyc_identities" txnID=txn_e336e638-c3a4-4ac9-a6b1-6e61bc00b285
time=2026-05-05T10:21:14.866Z level=INFO msg="processing enrollment" txnID=txn_6110dc65-982e-4e44-98f3-14426c22a439
time=2026-05-05T10:21:15.086Z level=ERROR msg="failed to process enrollment" error="milvus insert failed: field name_embedding does not exist in collection kyc_identities" txnID=txn_6110dc65-982e-4e44-98f3-14426c22a439
time=2026-05-05T10:23:56.891Z level=INFO msg="processing enrollment" txnID=txn_f75d6d28-72bc-42df-8e5a-ad258211e8bd
time=2026-05-05T10:23:57.084Z level=ERROR msg="failed to process enrollment" error="milvus insert failed: field name_embedding does not exist in collection kyc_identities" txnID=txn_f75d6d28-72bc-42df-8e5a-ad258211e8bd
time=2026-05-05T10:26:56.961Z level=INFO msg="processing enrollment" txnID=txn_8802e371-b3bd-46f7-960e-29768bcf7aa9
time=2026-05-05T10:26:57.143Z level=ERROR msg="failed to process enrollment" error="milvus insert failed: field name_embedding does not exist in collection kyc_identities" txnID=txn_8802e371-b3bd-46f7-960e-29768bcf7aa9
time=2026-05-05T10:27:23.976Z level=INFO msg="processing enrollment" txnID=txn_c133ed3d-3b18-4a73-8fa7-3028cd5f1a5d
time=2026-05-05T10:27:24.191Z level=ERROR msg="failed to process enrollment" error="milvus insert failed: field name_embedding does not exist in collection kyc_identities" txnID=txn_c133ed3d-3b18-4a73-8fa7-3028cd5f1a5d
time=2026-05-05T10:30:06.095Z level=INFO msg="processing enrollment" txnID=txn_bbf29fea-3583-419d-8967-28c3d4d746a0
time=2026-05-05T10:30:06.316Z level=ERROR msg="failed to process enrollment" error="milvus insert failed: field name_embedding does not exist in collection kyc_identities" txnID=txn_bbf29fea-3583-419d-8967-28c3d4d746a0
time=2026-05-05T10:35:48.367Z level=INFO msg="processing enrollment" txnID=txn_f2bcf95d-c523-4dce-9677-b5d6552b2595
time=2026-05-05T10:35:48.585Z level=ERROR msg="failed to process enrollment" error="milvus insert failed: field name_embedding does not exist in collection kyc_identities" txnID=txn_f2bcf95d-c523-4dce-9677-b5d6552b2595
time=2026-05-05T10:40:09.552Z level=INFO msg="processing enrollment" txnID=txn_b4964351-83ea-48c2-b6a7-87c7c74df367
time=2026-05-05T10:40:09.770Z level=ERROR msg="failed to process enrollment" error="milvus insert failed: field name_embedding does not exist in collection kyc_identities" txnID=txn_b4964351-83ea-48c2-b6a7-87c7c74df367
time=2026-05-05T10:41:12.653Z level=INFO msg="processing enrollment" txnID=txn_462f0eae-7c32-4387-a974-6a18a501a084
time=2026-05-05T10:41:12.873Z level=ERROR msg="failed to process enrollment" error="milvus insert failed: field name_embedding does not exist in collection kyc_identities" txnID=txn_462f0eae-7c32-4387-a974-6a18a501a084
time=2026-05-05T10:44:12.977Z level=INFO msg="processing enrollment" txnID=txn_0fe8d257-2146-4636-81f7-6496d9ed7842
time=2026-05-05T10:44:13.200Z level=ERROR msg="failed to process enrollment" error="milvus insert failed: field name_embedding does not exist in collection kyc_identities" txnID=txn_0fe8d257-2146-4636-81f7-6496d9ed7842
time=2026-05-05T10:47:31.235Z level=INFO msg="processing enrollment" txnID=txn_504a4479-53fc-45b4-bc4d-2a381fe65716
time=2026-05-05T10:47:31.423Z level=ERROR msg="failed to process enrollment" error="milvus insert failed: field name_embedding does not exist in collection kyc_identities" txnID=txn_504a4479-53fc-45b4-bc4d-2a381fe65716
time=2026-05-05T10:58:10.968Z level=INFO msg="processing enrollment" txnID=txn_d4d64463-5025-4cf8-8d86-d9ac0c7b71f8
time=2026-05-05T10:58:11.191Z level=ERROR msg="failed to process enrollment" error="milvus insert failed: field name_embedding does not exist in collection kyc_identities" txnID=txn_d4d64463-5025-4cf8-8d86-d9ac0c7b71f8
time=2026-05-05T10:58:46.994Z level=INFO msg="processing enrollment" txnID=txn_8e96eab6-6656-4648-8867-3594a3a5bb44
time=2026-05-05T10:58:47.216Z level=ERROR msg="failed to process enrollment" error="milvus insert failed: field name_embedding does not exist in collection kyc_identities" txnID=txn_8e96eab6-6656-4648-8867-3594a3a5bb44
time=2026-05-05T11:00:35.103Z level=INFO msg="processing enrollment" txnID=txn_8e492a8d-3929-4751-a833-5c5fbde79efe
time=2026-05-05T11:00:35.282Z level=ERROR msg="failed to process enrollment" error="milvus insert failed: field name_embedding does not exist in collection kyc_identities" txnID=txn_8e492a8d-3929-4751-a833-5c5fbde79efe
time=2026-05-05T11:01:20.153Z level=INFO msg="processing enrollment" txnID=txn_4418af17-e1ea-4f4f-ae06-31bf754ece45
time=2026-05-05T11:01:20.333Z level=ERROR msg="failed to process enrollment" error="milvus insert failed: field name_embedding does not exist in collection kyc_identities" txnID=txn_4418af17-e1ea-4f4f-ae06-31bf754ece45
time=2026-05-05T11:02:59.272Z level=INFO msg="processing enrollment" txnID=txn_a23ed9b9-1d16-468b-8e83-cc0c854344ac
time=2026-05-05T11:02:59.709Z level=ERROR msg="failed to process enrollment" error="milvus insert failed: field name_embedding does not exist in collection kyc_identities" txnID=txn_a23ed9b9-1d16-468b-8e83-cc0c854344ac
time=2026-05-05T11:05:23.203Z level=INFO msg="processing enrollment" txnID=txn_f709d2da-d0f8-440c-b8ec-dee6be21769f
time=2026-05-05T11:05:23.393Z level=ERROR msg="failed to process enrollment" error="milvus insert failed: field name_embedding does not exist in collection kyc_identities" txnID=txn_f709d2da-d0f8-440c-b8ec-dee6be21769f
time=2026-05-05T11:07:11.686Z level=ERROR msg="EnrollReader failed" error="fetching message: failed to dial: failed to open connection to localhost:9092: dial tcp 127.0.0.1:9092: connect: connection refused"
time=2026-05-05T11:07:11.687Z level=ERROR msg="VerifyReader failed" error="fetching message: failed to dial: failed to open connection to localhost:9092: dial tcp 127.0.0.1:9092: connect: connection refused"
time=2026-05-05T11:07:26.884Z level=ERROR msg="EnrollReader failed" error="fetching message: [15] Group Coordinator Not Available: the broker returns this error code for group coordinator requests, offset commits, and most group management requests if the offsets topic has not yet been created, or if the group coordinator is not active"
time=2026-05-05T11:07:26.884Z level=ERROR msg="VerifyReader failed" error="fetching message: [15] Group Coordinator Not Available: the broker returns this error code for group coordinator requests, offset commits, and most group management requests if the offsets topic has not yet been created, or if the group coordinator is not active"
verification" txnID=txn_b1ae6975-1557-40b4-8ee4-653bd85cf8c8
time=2026-05-05T10:58:20.126Z level=ERROR msg="failed to process verification" error="milvus search failed: checkIfLoaded failed when search, collection:kyc_identities, partitions:[], err = GetCollectionInfo failed, collection = kyc_identities, err = collection 466085275226083335 has not been loaded to memory or load failed" txnID=txn_b1ae6975-1557-40b4-8ee4-653bd85cf8c8
time=2026-05-05T10:58:55.995Z level=INFO msg="processing verification" txnID=txn_8bce5a6f-dec4-4e98-9bd0-763bd8b3dff7
time=2026-05-05T10:58:56.150Z level=ERROR msg="failed to process verification" error="milvus search failed: checkIfLoaded failed when search, collection:kyc_identities, partitions:[], err = GetCollectionInfo failed, collection = kyc_identities, err = collection 466085275226083335 has not been loaded to memory or load failed" txnID=txn_8bce5a6f-dec4-4e98-9bd0-763bd8b3dff7
time=2026-05-05T11:00:44.105Z level=INFO msg="processing verification" txnID=txn_230f2613-f4bf-4b70-bbaa-c860e80339ed
time=2026-05-05T11:00:44.261Z level=ERROR msg="failed to process verification" error="milvus search failed: checkIfLoaded failed when search, collection:kyc_identities, partitions:[], err = GetCollectionInfo failed, collection = kyc_identities, err = collection 466085275226083335 has not been loaded to memory or load failed" txnID=txn_230f2613-f4bf-4b70-bbaa-c860e80339ed
time=2026-05-05T11:01:29.154Z level=INFO msg="processing verification" txnID=txn_20d48998-adb3-44f1-be14-15d53efcc7b0
time=2026-05-05T11:01:29.308Z level=ERROR msg="failed to process verification" error="milvus search failed: checkIfLoaded failed when search, collection:kyc_identities, partitions:[], err = GetCollectionInfo failed, collection = kyc_identities, err = collection 466085275226083335 has not been loaded to memory or load failed" txnID=txn_20d48998-adb3-44f1-be14-15d53efcc7b0
time=2026-05-05T11:03:08.114Z level=INFO msg="processing verification" txnID=txn_5f63d81a-1627-49aa-a0ea-bb5b01c33c64
time=2026-05-05T11:03:08.275Z level=ERROR msg="failed to process verification" error="milvus search failed: checkIfLoaded failed when search, collection:kyc_identities, partitions:[], err = GetCollectionInfo failed, collection = kyc_identities, err = collection 466085275226083335 has not been loaded to memory or load failed" txnID=txn_5f63d81a-1627-49aa-a0ea-bb5b01c33c64
time=2026-05-05T11:05:23.199Z level=INFO msg="processing verification" txnID=txn_da814997-0f37-4cce-999f-d48fe8f81638
time=2026-05-05T11:05:23.354Z level=ERROR msg="failed to process verification" error="milvus search failed: checkIfLoaded failed when search, collection:kyc_identities, partitions:[], err = GetCollectionInfo failed, collection = kyc_identities, err = collection 466085275226083335 has not been loaded to memory or load failed" txnID=txn_da814997-0f37-4cce-999f-d48fe8f81638
time=2026-05-05T11:07:11.686Z level=ERROR msg="EnrollReader failed" error="fetching message: failed to dial: failed to open connection to localhost:9092: dial tcp 127.0.0.1:9092: connect: connection refused"
time=2026-05-05T11:07:11.686Z level=ERROR msg="VerifyReader failed" error="fetching message: failed to dial: failed to open connection to localhost:9092: dial tcp 127.0.0.1:9092: connect: connection refused"
time=2026-05-05T11:07:26.885Z level=ERROR msg="VerifyReader failed" error="fetching message: [15] Group Coordinator Not Available: the broker returns this error code for group coordinator requests, offset commits, and most group management requests if the offsets topic has not yet been created, or if the group coordinator is not active"
time=2026-05-05T11:07:26.962Z level=ERROR msg="EnrollReader failed" error="fetching message: [15] Group Coordinator Not Available: the broker returns this error code for group coordinator requests, offset commits, and most group management requests if the offsets topic has not yet been created, or if the group coordinator is not active"
time=2026-05-05T11:07:47.060Z level=INFO msg="processing enrollment" txnID=txn_f2f7e130-6dc6-4727-af87-24996c31f436
time=2026-05-05T11:07:47.278Z level=ERROR msg="failed to process enrollment" error="milvus insert failed: field name_embedding does not exist in collection kyc_identities" txnID=txn_f2f7e130-6dc6-4727-af87-24996c31f436
time=2026-05-05T11:07:56.063Z level=INFO msg="processing verification" txnID=txn_89c65181-82f7-4396-a959-f13399e1e90f
time=2026-05-05T11:07:56.223Z level=ERROR msg="failed to process verification" error="milvus search failed: code: UnexpectedError, reason: code: CollectionNotExists, reason: can't find collection: kyc_identities" txnID=txn_89c65181-82f7-4396-a959-f13399e1e90f
time=2026-05-05T11:10:00.651Z level=INFO msg="processing enrollment" txnID=txn_3d2a9927-3411-4a08-9db4-7968c6805519
time=2026-05-05T11:10:00.847Z level=ERROR msg="failed to process enrollment" error="milvus insert failed: field name_embedding does not exist in collection kyc_identities" txnID=txn_3d2a9927-3411-4a08-9db4-7968c6805519
time=2026-05-05T11:10:11.728Z level=INFO msg="processing verification" txnID=txn_f86bdb1b-cd35-47d7-8331-3d9d4225f066
time=2026-05-05T11:10:11.883Z level=ERROR msg="failed to process verification" error="milvus search failed: code: UnexpectedError, reason: code: CollectionNotExists, reason: can't find collection: kyc_identities" txnID=txn_f86bdb1b-cd35-47d7-8331-3d9d4225f066
time=2026-05-05T11:19:58.074Z level=INFO msg="processing enrollment" txnID=txn_d2a21943-c209-49ae-a0cc-c57fdda08823
time=2026-05-05T11:19:58.305Z level=ERROR msg="failed to process enrollment" error="milvus insert failed: field name_embedding does not exist in collection kyc_identities" txnID=txn_d2a21943-c209-49ae-a0cc-c57fdda08823
time=2026-05-05T11:22:46.797Z level=INFO msg="processing enrollment" txnID=txn_61e5b63e-a4c0-4d41-9da8-91adae0568b5
time=2026-05-05T11:22:46.998Z level=ERROR msg="failed to process enrollment" error="milvus insert failed: field name_embedding does not exist in collection kyc_identities" txnID=txn_61e5b63e-a4c0-4d41-9da8-91adae0568b5
time=2026-05-05T11:24:18.969Z level=INFO msg="processing enrollment" txnID=txn_b14cea1a-f449-43c5-bfa3-392f7d40e59a
time=2026-05-05T11:24:19.216Z level=ERROR msg="failed to process enrollment" error="milvus insert failed: field name_embedding does not exist in collection kyc_identities" txnID=txn_b14cea1a-f449-43c5-bfa3-392f7d40e59a
time=2026-05-05T11:24:24.003Z level=INFO msg="processing verification" txnID=txn_3b3c1960-b02f-4385-85f6-a6a31b1cddfe
time=2026-05-05T11:24:24.177Z level=ERROR msg="failed to process verification" error="milvus search failed: code: UnexpectedError, reason: code: CollectionNotExists, reason: can't find collection: kyc_identities" txnID=txn_3b3c1960-b02f-4385-85f6-a6a31b1cddfe
time=2026-05-05T11:27:55.418Z level=INFO msg="processing enrollment" txnID=txn_0b39a642-dcc9-41b0-8425-9383050e0603
time=2026-05-05T11:27:55.644Z level=ERROR msg="failed to process enrollment" error="milvus insert failed: field name_embedding does not exist in collection kyc_identities" txnID=txn_0b39a642-dcc9-41b0-8425-9383050e0603
time=2026-05-05T11:28:04.461Z level=INFO msg="processing verification" txnID=txn_dd6b7c72-cfaf-4dc4-8d81-ec826afeaa0d
time=2026-05-05T11:28:04.620Z level=ERROR msg="failed to process verification" error="milvus search failed: code: UnexpectedError, reason: code: CollectionNotExists, reason: can't find collection: kyc_identities" txnID=txn_dd6b7c72-cfaf-4dc4-8d81-ec826afeaa0d
time=2026-05-05T11:28:49.696Z level=INFO msg="processing enrollment" txnID=txn_36f64307-3ecf-44bb-9b9d-601a56a60da9
time=2026-05-05T11:28:49.914Z level=ERROR msg="failed to process enrollment" error="milvus insert failed: field name_embedding does not exist in collection kyc_identities" txnID=txn_36f64307-3ecf-44bb-9b9d-601a56a60da9
time=2026-05-05T11:28:54.728Z level=INFO msg="processing verification" txnID=txn_47a61acb-8648-4e8a-9691-0e8074023d2f
time=2026-05-05T11:28:54.898Z level=ERROR msg="failed to process verification" error="milvus search failed: code: UnexpectedError, reason: code: CollectionNotExists, reason: can't find collection: kyc_identities" txnID=txn_47a61acb-8648-4e8a-9691-0e8074023d2f
time=2026-05-05T11:30:57.023Z level=INFO msg="processing enrollment" txnID=txn_29bfeb82-15d8-443b-ae1d-d36ab6b1b24b
time=2026-05-05T11:30:57.264Z level=ERROR msg="failed to process enrollment" error="milvus insert failed: field name_embedding does not exist in collection kyc_identities" txnID=txn_29bfeb82-15d8-443b-ae1d-d36ab6b1b24b
time=2026-05-05T11:31:26.156Z level=INFO msg="processing verification" txnID=txn_0b0f5c20-1dad-4e4c-91d7-41b9d825273b
time=2026-05-05T11:31:26.313Z level=ERROR msg="failed to process verification" error="milvus search failed: code: UnexpectedError, reason: code: CollectionNotExists, reason: can't find collection: kyc_identities" txnID=txn_0b0f5c20-1dad-4e4c-91d7-41b9d825273b
